2020-02-19 21:00:22 INFO  Init:23 - # Setup
2020-02-19 21:00:22 INFO  DriverFactory:20 - # Webdriver instance for browser: chrome
2020-02-19 21:00:27 INFO  Init:34 - # Teardown.
2020-02-19 21:05:46 INFO  Init:23 - # Setup
2020-02-19 21:05:46 INFO  DriverFactory:20 - # Webdriver instance for browser: chrome
2020-02-19 21:05:51 INFO  Init:34 - # Teardown.
2020-02-19 21:57:12 INFO  Init:23 - # Setup
2020-02-19 21:57:12 INFO  DriverFactory:20 - # Webdriver instance for browser: chrome
2020-02-19 21:57:18 INFO  Init:34 - # Teardown.
2020-02-19 23:42:16 INFO  Init:23 - # Setup
2020-02-19 23:42:16 INFO  DriverFactory:20 - # Webdriver instance for browser: chrome
2020-02-19 23:42:21 INFO  Init:34 - # Teardown.
2020-02-19 23:45:21 INFO  Init:23 - # Setup
2020-02-19 23:45:21 INFO  DriverFactory:20 - # Webdriver instance for browser: chrome
2020-02-19 23:45:26 INFO  Init:34 - # Teardown.
2020-02-19 23:47:50 INFO  Init:23 - # Setup
2020-02-19 23:47:50 INFO  DriverFactory:20 - # Webdriver instance for browser: chrome
2020-02-19 23:47:57 INFO  Init:34 - # Teardown.
2020-02-19 23:49:52 INFO  Init:23 - # Setup
2020-02-19 23:49:52 INFO  DriverFactory:20 - # Webdriver instance for browser: chrome
2020-02-19 23:49:59 INFO  Init:34 - # Teardown.
2020-02-19 23:50:39 INFO  Init:23 - # Setup
2020-02-19 23:50:39 INFO  DriverFactory:20 - # Webdriver instance for browser: chrome
2020-02-19 23:50:45 INFO  Init:34 - # Teardown.
2020-02-19 23:52:21 INFO  Init:23 - # Setup
2020-02-19 23:52:21 INFO  DriverFactory:20 - # Webdriver instance for browser: chrome
2020-02-19 23:52:28 INFO  Init:34 - # Teardown.
2020-02-20 00:10:16 INFO  Init:23 - # Setup
2020-02-20 00:10:16 INFO  DriverFactory:20 - # Webdriver instance for browser: chrome
2020-02-20 00:10:22 INFO  Init:34 - # Teardown.
2020-02-20 00:18:16 INFO  Init:23 - # Setup
2020-02-20 00:18:16 INFO  DriverFactory:20 - # Webdriver instance for browser: chrome
2020-02-20 00:18:52 INFO  Init:34 - # Teardown.
2020-02-20 00:19:50 INFO  Init:23 - # Setup
2020-02-20 00:19:50 INFO  DriverFactory:20 - # Webdriver instance for browser: chrome
2020-02-20 00:20:36 INFO  Init:34 - # Teardown.
2020-02-20 00:23:14 INFO  Init:23 - # Setup
2020-02-20 00:23:14 INFO  DriverFactory:20 - # Webdriver instance for browser: chrome
2020-02-20 00:23:21 INFO  Init:34 - # Teardown.
2020-02-20 00:34:32 INFO  Init:23 - # Setup
2020-02-20 00:34:32 INFO  DriverFactory:20 - # Webdriver instance for browser: chrome
2020-02-20 00:34:38 INFO  Init:34 - # Teardown.
2020-02-20 21:39:39 INFO  Init:23 - # Setup
2020-02-20 21:39:39 INFO  DriverFactory:20 - # Webdriver instance for browser: chrome
2020-02-20 21:39:45 INFO  Init:34 - # Teardown.
2020-02-20 21:44:40 INFO  Init:23 - # Setup
2020-02-20 21:44:40 INFO  DriverFactory:20 - # Webdriver instance for browser: chrome
2020-02-20 21:44:46 INFO  Init:34 - # Teardown.
2020-02-20 23:50:23 INFO  Init:23 - # Setup
2020-02-20 23:50:23 INFO  DriverFactory:20 - # Webdriver instance for browser: chrome
2020-02-20 23:50:29 INFO  Init:40 - # Actual head: Welcome to the-internet
2020-02-20 23:50:30 INFO  Init:34 - # Teardown.
2020-02-20 23:55:53 INFO  Init:23 - # Setup
2020-02-20 23:55:53 INFO  DriverFactory:20 - # Webdriver instance for browser: chrome
2020-02-20 23:55:59 INFO  Init:40 - # Actual head: Welcome to the-internet
2020-02-20 23:55:59 INFO  Init:46 - # Clic on element: //ul/li/a[text()='Form Authentication']
2020-02-20 23:56:00 INFO  Init:34 - # Teardown.
2020-02-21 23:59:03 INFO  Init:23 - # Setup
2020-02-21 23:59:03 INFO  DriverFactory:20 - # Webdriver instance for browser: chrome
2020-02-21 23:59:09 INFO  Init:34 - # Teardown.
2020-02-22 00:15:59 INFO  Init:23 - # Setup
2020-02-22 00:15:59 INFO  DriverFactory:20 - # Webdriver instance for browser: chrome
2020-02-22 00:16:04 INFO  Init:34 - # Teardown.
2020-02-22 00:19:04 INFO  Init:23 - # Setup
2020-02-22 00:19:04 INFO  DriverFactory:20 - # Webdriver instance for browser: chrome
2020-02-22 00:19:09 INFO  Init:34 - # Teardown.
2020-02-22 00:23:52 INFO  Init:23 - # Setup
2020-02-22 00:23:52 INFO  DriverFactory:20 - # Webdriver instance for browser: chrome
2020-02-22 00:23:58 INFO  Init:34 - # Teardown.
2020-02-22 00:35:01 INFO  Init:23 - # Setup
2020-02-22 00:35:01 INFO  DriverFactory:20 - # Webdriver instance for browser: chrome
2020-02-22 00:35:06 INFO  Init:34 - # Teardown.
2020-02-22 00:46:04 INFO  Init:23 - # Setup
2020-02-22 00:46:04 INFO  DriverFactory:20 - # Webdriver instance for browser: chrome
2020-02-22 00:46:09 INFO  Init:41 - # Actual head: Welcome to the-internet
2020-02-22 00:46:10 INFO  Init:47 - # Clic on element: //ul/li/a[text()='Form Authentication']
2020-02-22 00:46:11 INFO  Init:34 - # Teardown.
2020-02-22 00:48:54 INFO  Init:23 - # Setup
2020-02-22 00:48:54 INFO  DriverFactory:20 - # Webdriver instance for browser: chrome
2020-02-22 00:49:00 INFO  Init:34 - # Teardown.
2020-02-22 00:50:06 INFO  Init:23 - # Setup
2020-02-22 00:50:06 INFO  DriverFactory:20 - # Webdriver instance for browser: chrome
2020-02-22 00:50:12 INFO  Init:34 - # Teardown.
2020-02-22 00:57:49 INFO  Init:23 - # Setup
2020-02-22 00:57:49 INFO  DriverFactory:20 - # Webdriver instance for browser: chrome
2020-02-22 00:57:55 INFO  Init:41 - # Actual head: Welcome to the-internet
2020-02-22 00:57:56 INFO  Init:47 - # Clic on element: //ul/li/a[text()='Form Authentication']
2020-02-22 00:57:57 INFO  Init:34 - # Teardown.
2020-02-22 12:14:44 INFO  Init:23 - # Setup
2020-02-22 12:14:44 INFO  DriverFactory:20 - # Webdriver instance for browser: chrome
2020-02-22 12:14:50 INFO  Init:34 - # Teardown.
2020-02-22 16:33:24 INFO  Init:23 - # Setup
2020-02-22 16:33:24 INFO  DriverFactory:20 - # Webdriver instance for browser: chrome
2020-02-22 16:33:29 INFO  Init:34 - # Teardown.
2020-02-22 16:33:44 INFO  Init:23 - # Setup
2020-02-22 16:33:44 INFO  DriverFactory:20 - # Webdriver instance for browser: chrome
2020-02-22 16:33:50 INFO  Init:37 - # Actual head: Welcome to the-internet
2020-02-22 16:33:51 INFO  Init:43 - # Clic on element: //ul/li/a[text()='Form Authentication']
2020-02-22 16:33:51 INFO  Init:34 - # Teardown.
2020-02-22 16:57:12 INFO  Init:23 - # Setup
2020-02-22 16:57:12 INFO  DriverFactory:20 - # Webdriver instance for browser: chrome
2020-02-22 16:57:18 INFO  Init:35 - # Actual head: Welcome to the-internet
2020-02-22 16:57:18 INFO  Init:41 - # Clic on element: //ul/li/a[text()='Form Authentication']
2020-02-22 16:57:19 INFO  Init:60 - # Message is: You logged into a secure area!
2020-02-22 16:57:19 INFO  Init:34 - # Teardown.
2020-03-03 21:32:47 INFO  Init:23 - # Setup
2020-03-03 21:32:47 INFO  DriverFactory:20 - # Webdriver instance for browser: chrome
2020-03-03 21:33:01 INFO  Init:35 - # Actual head: Welcome to the-internet
2020-03-03 21:33:01 INFO  Init:41 - # Clic on element: //ul/li/a[text()='Form Authentication']
2020-03-03 21:33:02 INFO  Init:60 - # Message is: You logged into a secure area!
2020-03-03 21:33:02 INFO  Init:34 - # Teardown.
